<?xml version="1.0" encoding="UTF-8"?>
<!-- Generated by org.testng.reporters.JUnitReportReporter -->
<testsuite hostname="DESKTOP-RHAVO5R" failures="0" tests="2" name="com.raghib.testng.ExecutionFlow" time="0.021" errors="0" timestamp="2023-07-13T19:40:46 IST" skipped="0">
  <testcase classname="com.raghib.testng.ExecutionFlow" name="testCase1" time="0.011"/>
  <testcase classname="com.raghib.testng.ExecutionFlow" name="testCase2" time="0.010"/>
</testsuite> <!-- com.raghib.testng.ExecutionFlow -->
