<?xml version="1.0" encoding="UTF-8"?>
<!-- Generated by org.testng.reporters.JUnitReportReporter -->
<testsuite skipped="0" hostname="Raghib-Laptop" name="com.raghib.testng.ExecutionFlow" tests="2" failures="0" timestamp="2023-01-10T14:53:58 IST" time="0.017" errors="0">
  <testcase name="testCase1" time="0.011" classname="com.raghib.testng.ExecutionFlow"/>
  <system-out/>
  <testcase name="testCase2" time="0.006" classname="com.raghib.testng.ExecutionFlow"/>
  <system-out/>
</testsuite> <!-- com.raghib.testng.ExecutionFlow -->
